# JRE version: OpenJDK Runtime Environment (11.0.4+11) (build 11.0.4+11)
# Java VM: OpenJDK 64-Bit Server VM (11.0.4+11, mixed mode, tiered, compressed oops, g1 gc, windows-amd64)
Heap:
 garbage-first heap   total 131072K, used 24301K [0x0000000081400000, 0x0000000100000000)
  region size 1024K, 19 young (19456K), 4 survivors (4096K)
 Metaspace       used 25268K, capacity 26598K, committed 26752K, reserved 1073152K
  class space    used 2511K, capacity 3330K, committed 3456K, reserved 1048576K
GC Heap History (8 events):
Event: 1.029 GC heap before
{Heap before GC invocations=0 (full 0):
 garbage-first heap   total 131072K, used 14336K [0x0000000081400000, 0x0000000100000000)
  region size 1024K, 14 young (14336K), 0 survivors (0K)
 Metaspace       used 14567K, capacity 14876K, committed 14976K, reserved 1062912K
  class space    used 1452K, capacity 1598K, committed 1664K, reserved 1048576K
}
Event: 1.038 GC heap after
{Heap after GC invocations=1 (full 0):
 garbage-first heap   total 131072K, used 3652K [0x0000000081400000, 0x0000000100000000)
  region size 1024K, 2 young (2048K), 2 survivors (2048K)
 Metaspace       used 14567K, capacity 14876K, committed 14976K, reserved 1062912K
  class space    used 1452K, capacity 1598K, committed 1664K, reserved 1048576K
}
Event: 24.455 GC heap before
{Heap before GC invocations=1 (full 0):
 garbage-first heap   total 131072K, used 7748K [0x0000000081400000, 0x0000000100000000)
  region size 1024K, 6 young (6144K), 2 survivors (2048K)
 Metaspace       used 16185K, capacity 16461K, committed 16640K, reserved 1064960K
  class space    used 1634K, capacity 1765K, committed 1792K, reserved 1048576K
}
Event: 24.464 GC heap after
{Heap after GC invocations=2 (full 0):
 garbage-first heap   total 131072K, used 4321K [0x0000000081400000, 0x0000000100000000)
  region size 1024K, 1 young (1024K), 1 survivors (1024K)
 Metaspace       used 16185K, capacity 16461K, committed 16640K, reserved 1064960K
  class space    used 1634K, capacity 1765K, committed 1792K, reserved 1048576K
}
Event: 28.619 GC heap before
{Heap before GC invocations=2 (full 0):
 garbage-first heap   total 131072K, used 21729K [0x0000000081400000, 0x0000000100000000)
  region size 1024K, 19 young (19456K), 1 survivors (1024K)
 Metaspace       used 20914K, capacity 21241K, committed 21296K, reserved 1069056K
  class space    used 2167K, capacity 2295K, committed 2304K, reserved 1048576K
}
Event: 28.624 GC heap after
{Heap after GC invocations=3 (full 0):
 garbage-first heap   total 131072K, used 5258K [0x0000000081400000, 0x0000000100000000)
  region size 1024K, 2 young (2048K), 2 survivors (2048K)
 Metaspace       used 20914K, capacity 21241K, committed 21296K, reserved 1069056K
  class space    used 2167K, capacity 2295K, committed 2304K, reserved 1048576K
}
Event: 119.291 GC heap before
{Heap before GC invocations=4 (full 0):
 garbage-first heap   total 131072K, used 34954K [0x0000000081400000, 0x0000000100000000)
  region size 1024K, 31 young (31744K), 2 survivors (2048K)
 Metaspace       used 24879K, capacity 25898K, committed 26112K, reserved 1073152K
  class space    used 2475K, capacity 3053K, committed 3072K, reserved 1048576K
}
Event: 119.302 GC heap after
{Heap after GC invocations=5 (full 0):
 garbage-first heap   total 131072K, used 9965K [0x0000000081400000, 0x0000000100000000)
  region size 1024K, 4 young (4096K), 4 survivors (4096K)
 Metaspace       used 24879K, capacity 25898K, committed 26112K, reserved 1073152K
  class space    used 2475K, capacity 3053K, committed 3072K, reserved 1048576K
}

