# JRE version: OpenJDK Runtime Environment (11.0.4+11) (build 11.0.4+11)
# Java VM: OpenJDK 64-Bit Server VM (11.0.4+11, mixed mode, tiered, compressed oops, g1 gc, windows-amd64)
Heap:
 garbage-first heap   total 131072K, used 64889K [0x0000000081400000, 0x0000000100000000)
  region size 1024K, 56 young (57344K), 7 survivors (7168K)
 Metaspace       used 26496K, capacity 30100K, committed 30336K, reserved 1075200K
  class space    used 2766K, capacity 5496K, committed 5504K, reserved 1048576K
GC Heap History (10 events):
Event: 1.294 GC heap before
{Heap before GC invocations=0 (full 0):
 garbage-first heap   total 131072K, used 14336K [0x0000000081400000, 0x0000000100000000)
  region size 1024K, 14 young (14336K), 0 survivors (0K)
 Metaspace       used 14588K, capacity 14880K, committed 14976K, reserved 1062912K
  class space    used 1452K, capacity 1598K, committed 1664K, reserved 1048576K
}
Event: 1.304 GC heap after
{Heap after GC invocations=1 (full 0):
 garbage-first heap   total 131072K, used 3652K [0x0000000081400000, 0x0000000100000000)
  region size 1024K, 2 young (2048K), 2 survivors (2048K)
 Metaspace       used 14588K, capacity 14880K, committed 14976K, reserved 1062912K
  class space    used 1452K, capacity 1598K, committed 1664K, reserved 1048576K
}
Event: 2655.474 GC heap before
{Heap before GC invocations=1 (full 0):
 garbage-first heap   total 131072K, used 7748K [0x0000000081400000, 0x0000000100000000)
  region size 1024K, 6 young (6144K), 2 survivors (2048K)
 Metaspace       used 16209K, capacity 16465K, committed 16640K, reserved 1064960K
  class space    used 1634K, capacity 1765K, committed 1792K, reserved 1048576K
}
Event: 2655.484 GC heap after
{Heap after GC invocations=2 (full 0):
 garbage-first heap   total 131072K, used 4310K [0x0000000081400000, 0x0000000100000000)
  region size 1024K, 1 young (1024K), 1 survivors (1024K)
 Metaspace       used 16209K, capacity 16465K, committed 16640K, reserved 1064960K
  class space    used 1634K, capacity 1765K, committed 1792K, reserved 1048576K
}
Event: 2656.491 GC heap before
{Heap before GC invocations=2 (full 0):
 garbage-first heap   total 131072K, used 14550K [0x0000000081400000, 0x0000000100000000)
  region size 1024K, 13 young (13312K), 1 survivors (1024K)
 Metaspace       used 20926K, capacity 21209K, committed 21248K, reserved 1069056K
  class space    used 2175K, capacity 2289K, committed 2304K, reserved 1048576K
}
Event: 2656.496 GC heap after
{Heap after GC invocations=3 (full 0):
 garbage-first heap   total 131072K, used 5233K [0x0000000081400000, 0x0000000100000000)
  region size 1024K, 2 young (2048K), 2 survivors (2048K)
 Metaspace       used 20926K, capacity 21209K, committed 21248K, reserved 1069056K
  class space    used 2175K, capacity 2289K, committed 2304K, reserved 1048576K
}
Event: 2820.105 GC heap before
{Heap before GC invocations=4 (full 0):
 garbage-first heap   total 131072K, used 42097K [0x0000000081400000, 0x0000000100000000)
  region size 1024K, 39 young (39936K), 2 survivors (2048K)
 Metaspace       used 25065K, capacity 26376K, committed 26624K, reserved 1073152K
  class space    used 2493K, capacity 3325K, committed 3328K, reserved 1048576K
}
Event: 2820.117 GC heap after
{Heap after GC invocations=5 (full 0):
 garbage-first heap   total 131072K, used 10791K [0x0000000081400000, 0x0000000100000000)
  region size 1024K, 5 young (5120K), 5 survivors (5120K)
 Metaspace       used 25065K, capacity 26376K, committed 26624K, reserved 1073152K
  class space    used 2493K, capacity 3325K, committed 3328K, reserved 1048576K
}
Event: 3376.333 GC heap before
{Heap before GC invocations=5 (full 0):
 garbage-first heap   total 131072K, used 60967K [0x0000000081400000, 0x0000000100000000)
  region size 1024K, 54 young (55296K), 5 survivors (5120K)
 Metaspace       used 25899K, capacity 28444K, committed 28544K, reserved 1073152K
  class space    used 2634K, capacity 4432K, committed 4480K, reserved 1048576K
}
Event: 3376.357 GC heap after
{Heap after GC invocations=6 (full 0):
 garbage-first heap   total 131072K, used 15737K [0x0000000081400000, 0x0000000100000000)
  region size 1024K, 7 young (7168K), 7 survivors (7168K)
 Metaspace       used 25899K, capacity 28444K, committed 28544K, reserved 1073152K
  class space    used 2634K, capacity 4432K, committed 4480K, reserved 1048576K
}

