# JRE version: OpenJDK Runtime Environment (11.0.4+11) (build 11.0.4+11)
# Java VM: OpenJDK 64-Bit Server VM (11.0.4+11, mixed mode, tiered, compressed oops, g1 gc, windows-amd64)
Heap:
 garbage-first heap   total 131072K, used 12606K [0x0000000081400000, 0x0000000100000000)
  region size 1024K, 10 young (10240K), 2 survivors (2048K)
 Metaspace       used 22968K, capacity 23540K, committed 23680K, reserved 1071104K
  class space    used 2412K, capacity 2671K, committed 2688K, reserved 1048576K
GC Heap History (6 events):
Event: 0.900 GC heap before
{Heap before GC invocations=0 (full 0):
 garbage-first heap   total 131072K, used 14336K [0x0000000081400000, 0x0000000100000000)
  region size 1024K, 14 young (14336K), 0 survivors (0K)
 Metaspace       used 14582K, capacity 14880K, committed 14976K, reserved 1062912K
  class space    used 1455K, capacity 1598K, committed 1664K, reserved 1048576K
}
Event: 0.908 GC heap after
{Heap after GC invocations=1 (full 0):
 garbage-first heap   total 131072K, used 3664K [0x0000000081400000, 0x0000000100000000)
  region size 1024K, 2 young (2048K), 2 survivors (2048K)
 Metaspace       used 14582K, capacity 14880K, committed 14976K, reserved 1062912K
  class space    used 1455K, capacity 1598K, committed 1664K, reserved 1048576K
}
Event: 11.943 GC heap before
{Heap before GC invocations=1 (full 0):
 garbage-first heap   total 131072K, used 7760K [0x0000000081400000, 0x0000000100000000)
  region size 1024K, 6 young (6144K), 2 survivors (2048K)
 Metaspace       used 16194K, capacity 16465K, committed 16640K, reserved 1064960K
  class space    used 1636K, capacity 1765K, committed 1792K, reserved 1048576K
}
Event: 11.967 GC heap after
{Heap after GC invocations=2 (full 0):
 garbage-first heap   total 131072K, used 4342K [0x0000000081400000, 0x0000000100000000)
  region size 1024K, 1 young (1024K), 1 survivors (1024K)
 Metaspace       used 16194K, capacity 16465K, committed 16640K, reserved 1064960K
  class space    used 1636K, capacity 1765K, committed 1792K, reserved 1048576K
}
Event: 13.825 GC heap before
{Heap before GC invocations=2 (full 0):
 garbage-first heap   total 131072K, used 16630K [0x0000000081400000, 0x0000000100000000)
  region size 1024K, 14 young (14336K), 1 survivors (1024K)
 Metaspace       used 20924K, capacity 21233K, committed 21248K, reserved 1069056K
  class space    used 2169K, capacity 2293K, committed 2304K, reserved 1048576K
}
Event: 13.830 GC heap after
{Heap after GC invocations=3 (full 0):
 garbage-first heap   total 131072K, used 5438K [0x0000000081400000, 0x0000000100000000)
  region size 1024K, 2 young (2048K), 2 survivors (2048K)
 Metaspace       used 20924K, capacity 21233K, committed 21248K, reserved 1069056K
  class space    used 2169K, capacity 2293K, committed 2304K, reserved 1048576K
}

