# JRE version: OpenJDK Runtime Environment (11.0.4+11) (build 11.0.4+11)
# Java VM: OpenJDK 64-Bit Server VM (11.0.4+11, mixed mode, tiered, compressed oops, g1 gc, windows-amd64)
Heap:
 garbage-first heap   total 131072K, used 20783K [0x0000000081400000, 0x0000000100000000)
  region size 1024K, 18 young (18432K), 2 survivors (2048K)
 Metaspace       used 24219K, capacity 25301K, committed 25468K, reserved 1071104K
  class space    used 2471K, capacity 3122K, committed 3196K, reserved 1048576K
GC Heap History (6 events):
Event: 0.924 GC heap before
{Heap before GC invocations=0 (full 0):
 garbage-first heap   total 131072K, used 14336K [0x0000000081400000, 0x0000000100000000)
  region size 1024K, 14 young (14336K), 0 survivors (0K)
 Metaspace       used 14581K, capacity 14880K, committed 14976K, reserved 1062912K
  class space    used 1452K, capacity 1598K, committed 1664K, reserved 1048576K
}
Event: 0.935 GC heap after
{Heap after GC invocations=1 (full 0):
 garbage-first heap   total 131072K, used 3651K [0x0000000081400000, 0x0000000100000000)
  region size 1024K, 2 young (2048K), 2 survivors (2048K)
 Metaspace       used 14581K, capacity 14880K, committed 14976K, reserved 1062912K
  class space    used 1452K, capacity 1598K, committed 1664K, reserved 1048576K
}
Event: 11849.238 GC heap before
{Heap before GC invocations=1 (full 0):
 garbage-first heap   total 131072K, used 7747K [0x0000000081400000, 0x0000000100000000)
  region size 1024K, 6 young (6144K), 2 survivors (2048K)
 Metaspace       used 16203K, capacity 16465K, committed 16640K, reserved 1064960K
  class space    used 1636K, capacity 1765K, committed 1792K, reserved 1048576K
}
Event: 11849.260 GC heap after
{Heap after GC invocations=2 (full 0):
 garbage-first heap   total 131072K, used 4533K [0x0000000081400000, 0x0000000100000000)
  region size 1024K, 1 young (1024K), 1 survivors (1024K)
 Metaspace       used 16203K, capacity 16465K, committed 16640K, reserved 1064960K
  class space    used 1636K, capacity 1765K, committed 1792K, reserved 1048576K
}
Event: 11850.363 GC heap before
{Heap before GC invocations=2 (full 0):
 garbage-first heap   total 131072K, used 14773K [0x0000000081400000, 0x0000000100000000)
  region size 1024K, 13 young (13312K), 1 survivors (1024K)
 Metaspace       used 20931K, capacity 21227K, committed 21248K, reserved 1069056K
  class space    used 2182K, capacity 2292K, committed 2304K, reserved 1048576K
}
Event: 11850.385 GC heap after
{Heap after GC invocations=3 (full 0):
 garbage-first heap   total 131072K, used 5423K [0x0000000081400000, 0x0000000100000000)
  region size 1024K, 2 young (2048K), 2 survivors (2048K)
 Metaspace       used 20931K, capacity 21227K, committed 21248K, reserved 1069056K
  class space    used 2182K, capacity 2292K, committed 2304K, reserved 1048576K
}

